[     241ms] [INFO] %cDownload the React DevTools for a better development experience: https://react.dev/link/react-devtools font-weight:bold @ http://localhost:3002/_next/static/chunks/node_modules_%40sentry_core_build_esm_0n9pi_d._.js:13345
[     288ms] [LOG] [HMR] connected @ http://localhost:3002/_next/static/chunks/node_modules_%40sentry_core_build_esm_0n9pi_d._.js:13345
[     360ms] [ERROR] Loading the script 'https://va.vercel-scripts.com/v1/speed-insights/script.debug.js' violates the following Content Security Policy directive: "script-src 'self' 'unsafe-inline' 'unsafe-eval' https://www.google.com https://www.gstatic.com". Note that 'script-src-elem' was not explicitly set, so 'script-src' is used as a fallback. The action has been blocked. @ http://localhost:3002/_next/static/chunks/node_modules_0_q99e4._.js:4714
[     360ms] [ERROR] Loading the script 'https://va.vercel-scripts.com/v1/script.debug.js' violates the following Content Security Policy directive: "script-src 'self' 'unsafe-inline' 'unsafe-eval' https://www.google.com https://www.gstatic.com". Note that 'script-src-elem' was not explicitly set, so 'script-src' is used as a fallback. The action has been blocked. @ http://localhost:3002/_next/static/chunks/node_modules_0_q99e4._.js:5043
[     361ms] [LOG] [Vercel Speed Insights] Failed to load script from https://va.vercel-scripts.com/v1/speed-insights/script.debug.js. Please check if any content blockers are enabled and try again. @ http://localhost:3002/_next/static/chunks/node_modules_%40sentry_core_build_esm_0n9pi_d._.js:13345
[     361ms] [LOG] [Vercel Web Analytics] Failed to load script from https://va.vercel-scripts.com/v1/script.debug.js. Please check if any ad blockers are enabled and try again. @ http://localhost:3002/_next/static/chunks/node_modules_%40sentry_core_build_esm_0n9pi_d._.js:13345
[  560768ms] [LOG] [Fast Refresh] rebuilding @ http://localhost:3002/_next/static/chunks/node_modules_%40sentry_core_build_esm_0n9pi_d._.js:13345
[  561288ms] [LOG] [Fast Refresh] done in 431ms @ http://localhost:3002/_next/static/chunks/node_modules_%40sentry_core_build_esm_0n9pi_d._.js:13345
[  561418ms] [LOG] [Fast Refresh] rebuilding @ http://localhost:3002/_next/static/chunks/node_modules_%40sentry_core_build_esm_0n9pi_d._.js:13345
[  561465ms] [LOG] [Fast Refresh] done in 149ms @ http://localhost:3002/_next/static/chunks/node_modules_%40sentry_core_build_esm_0n9pi_d._.js:13345
[  561780ms] [LOG] [Fast Refresh] rebuilding @ http://localhost:3002/_next/static/chunks/node_modules_%40sentry_core_build_esm_0n9pi_d._.js:13345
[  561814ms] [LOG] [Fast Refresh] done in 134ms @ http://localhost:3002/_next/static/chunks/node_modules_%40sentry_core_build_esm_0n9pi_d._.js:13345
[  561922ms] [LOG] [Fast Refresh] rebuilding @ http://localhost:3002/_next/static/chunks/node_modules_%40sentry_core_build_esm_0n9pi_d._.js:13345
[  562001ms] [LOG] [Fast Refresh] done in 186ms @ http://localhost:3002/_next/static/chunks/node_modules_%40sentry_core_build_esm_0n9pi_d._.js:13345
[  562070ms] [LOG] [Fast Refresh] rebuilding @ http://localhost:3002/_next/static/chunks/node_modules_%40sentry_core_build_esm_0n9pi_d._.js:13345
[  562331ms] [LOG] [Fast Refresh] done in 328ms @ http://localhost:3002/_next/static/chunks/node_modules_%40sentry_core_build_esm_0n9pi_d._.js:13345
[  562955ms] [LOG] [Fast Refresh] rebuilding @ http://localhost:3002/_next/static/chunks/node_modules_%40sentry_core_build_esm_0n9pi_d._.js:13345
[  562966ms] [LOG] [Fast Refresh] done in 111ms @ http://localhost:3002/_next/static/chunks/node_modules_%40sentry_core_build_esm_0n9pi_d._.js:13345
[  563190ms] [LOG] [Fast Refresh] rebuilding @ http://localhost:3002/_next/static/chunks/node_modules_%40sentry_core_build_esm_0n9pi_d._.js:13345
[  563286ms] [LOG] [Fast Refresh] done in 197ms @ http://localhost:3002/_next/static/chunks/node_modules_%40sentry_core_build_esm_0n9pi_d._.js:13345
[  563449ms] [LOG] [Fast Refresh] rebuilding @ http://localhost:3002/_next/static/chunks/node_modules_%40sentry_core_build_esm_0n9pi_d._.js:13345
[  563471ms] [LOG] [Fast Refresh] done in 123ms @ http://localhost:3002/_next/static/chunks/node_modules_%40sentry_core_build_esm_0n9pi_d._.js:13345
[  563714ms] [LOG] [Fast Refresh] rebuilding @ http://localhost:3002/_next/static/chunks/node_modules_%40sentry_core_build_esm_0n9pi_d._.js:13345
[  563782ms] [LOG] [Fast Refresh] done in 169ms @ http://localhost:3002/_next/static/chunks/node_modules_%40sentry_core_build_esm_0n9pi_d._.js:13345
[  564041ms] [LOG] [Fast Refresh] rebuilding @ http://localhost:3002/_next/static/chunks/node_modules_%40sentry_core_build_esm_0n9pi_d._.js:13345
[  564081ms] [LOG] [Fast Refresh] done in 140ms @ http://localhost:3002/_next/static/chunks/node_modules_%40sentry_core_build_esm_0n9pi_d._.js:13345
[  564189ms] [LOG] [Fast Refresh] rebuilding @ http://localhost:3002/_next/static/chunks/node_modules_%40sentry_core_build_esm_0n9pi_d._.js:13345
[  564263ms] [LOG] [Fast Refresh] done in 174ms @ http://localhost:3002/_next/static/chunks/node_modules_%40sentry_core_build_esm_0n9pi_d._.js:13345
[  564452ms] [LOG] [Fast Refresh] rebuilding @ http://localhost:3002/_next/static/chunks/node_modules_%40sentry_core_build_esm_0n9pi_d._.js:13345
[  564561ms] [LOG] [Fast Refresh] done in 209ms @ http://localhost:3002/_next/static/chunks/node_modules_%40sentry_core_build_esm_0n9pi_d._.js:13345
[  564693ms] [LOG] [Fast Refresh] rebuilding @ http://localhost:3002/_next/static/chunks/node_modules_%40sentry_core_build_esm_0n9pi_d._.js:13345
[  564701ms] [LOG] [Fast Refresh] done in 108ms @ http://localhost:3002/_next/static/chunks/node_modules_%40sentry_core_build_esm_0n9pi_d._.js:13345
[  564803ms] [LOG] [Fast Refresh] rebuilding @ http://localhost:3002/_next/static/chunks/node_modules_%40sentry_core_build_esm_0n9pi_d._.js:13345
[  564835ms] [LOG] [Fast Refresh] done in 133ms @ http://localhost:3002/_next/static/chunks/node_modules_%40sentry_core_build_esm_0n9pi_d._.js:13345
[  564968ms] [LOG] [Fast Refresh] rebuilding @ http://localhost:3002/_next/static/chunks/node_modules_%40sentry_core_build_esm_0n9pi_d._.js:13345
[  565025ms] [LOG] [Fast Refresh] done in 158ms @ http://localhost:3002/_next/static/chunks/node_modules_%40sentry_core_build_esm_0n9pi_d._.js:13345
